<?xml version="1.0" encoding="UTF-8"?>
<testng-results ignored="0" total="4" passed="4" failed="0" skipped="0">
  <reporter-output>
    <line>
      <![CDATA[Navigated to Facebook]]>
    </line>
    <line>
      <![CDATA[Navigated to Github]]>
    </line>
    <line>
      <![CDATA[Navigated to Amazon]]>
    </line>
    <line>
      <![CDATA[Navigated to Flipkart]]>
    </line>
  </reporter-output>
  <suite started-at="2025-03-19T16:12:20 IST" name="Suite" finished-at="2025-03-19T16:13:16 IST" duration-ms="55167">
    <groups>
      <group name="Social">
        <method signature="Practice3.navigateToFacebook()[pri:0, instance:testNgPractice.Practice3@619713e5]" name="navigateToFacebook" class="testNgPractice.Practice3"/>
      </group> <!-- Social -->
    </groups>
    <test started-at="2025-03-19T16:12:20 IST" name="Test" finished-at="2025-03-19T16:13:16 IST" duration-ms="55167">
      <class name="testNgPractice.Practice3">
        <test-method signature="navigateToFacebook()[pri:0, instance:testNgPractice.Practice3@619713e5]" started-at="2025-03-19T16:12:21 IST" name="navigateToFacebook" finished-at="2025-03-19T16:12:37 IST" duration-ms="16441" status="PASS">
          <reporter-output>
            <line>
              <![CDATA[Navigated to Facebook]]>
            </line>
          </reporter-output>
        </test-method> <!-- navigateToFacebook -->
        <test-method signature="navigateToGithub()[pri:0, instance:testNgPractice.Practice3@619713e5]" started-at="2025-03-19T16:12:37 IST" name="navigateToGithub" finished-at="2025-03-19T16:12:48 IST" duration-ms="11026" status="PASS">
          <reporter-output>
            <line>
              <![CDATA[Navigated to Github]]>
            </line>
          </reporter-output>
        </test-method> <!-- navigateToGithub -->
      </class> <!-- testNgPractice.Practice3 -->
      <class name="testNgPractice.Practice2">
        <test-method signature="navigateToAmazon()[pri:0, instance:testNgPractice.Practice2@188715b5]" started-at="2025-03-19T16:12:48 IST" name="navigateToAmazon" finished-at="2025-03-19T16:12:59 IST" duration-ms="10746" status="PASS">
          <reporter-output>
            <line>
              <![CDATA[Navigated to Amazon]]>
            </line>
          </reporter-output>
        </test-method> <!-- navigateToAmazon -->
        <test-method signature="navigateToFlipkart()[pri:0, instance:testNgPractice.Practice2@188715b5]" started-at="2025-03-19T16:12:59 IST" name="navigateToFlipkart" finished-at="2025-03-19T16:13:16 IST" duration-ms="16661" status="PASS">
          <reporter-output>
            <line>
              <![CDATA[Navigated to Flipkart]]>
            </line>
          </reporter-output>
        </test-method> <!-- navigateToFlipkart -->
      </class> <!-- testNgPractice.Practice2 -->
    </test> <!-- Test -->
  </suite> <!-- Suite -->
</testng-results>
