<?xml version="1.0" encoding="UTF-8"?>
<!-- Generated by org.testng.reporters.JUnitXMLReporter -->
<testsuite ignored="0" hostname="DESKTOP-CFS2EAU" failures="0" tests="4" name="Test" time="55.167" errors="0" timestamp="2025-03-19T16:13:16 IST">
  <testcase classname="testNgPractice.Practice3" name="navigateToFacebook" time="16.441"/>
  <testcase classname="testNgPractice.Practice3" name="navigateToGithub" time="11.026"/>
  <testcase classname="testNgPractice.Practice2" name="navigateToAmazon" time="10.746"/>
  <testcase classname="testNgPractice.Practice2" name="navigateToFlipkart" time="16.661"/>
</testsuite> <!-- Test -->
