<?xml version="1.0" encoding="UTF-8"?>
<!-- Generated by org.testng.reporters.JUnitXMLReporter -->
<testsuite ignored="0" hostname="DESKTOP-CFS2EAU" failures="0" tests="4" name="Test2" time="0.297" errors="0" timestamp="2025-03-01T08:00:42 IST">
  <testcase classname="testNgPractice.Practice1" name="test1" time="0.047"/>
  <testcase classname="testNgPractice.Practice1" name="test2" time="0.031"/>
  <testcase classname="testNgPractice.Practice1" name="test3" time="0.002"/>
  <testcase classname="testNgPractice.Practice1" name="test4" time="0.062"/>
</testsuite> <!-- Test2 -->
